<?xml version="1.0" encoding="UTF-8" ?>
<testsuite tests="2" failures="0" name="edu.yu.cs.capstone.ClientDataRoutingService.BasicTest" time="0.116" errors="0" skipped="0">
  <properties>
    <property name="java.runtime.name" value="Java(TM) SE Runtime Environment"/>
    <property name="java.vm.version" value="17.0.4.1+1-LTS-2"/>
    <property name="sun.boot.library.path" value="C:\Program Files\Java\jdk-17.0.4.1\bin"/>
    <property name="maven.multiModuleProjectDirectory" value="C:\Users\Tuvia Goldstein\Documents\edu\yu\cs\GitHub\T1\ClientDataRoutingService"/>
    <property name="java.vm.vendor" value="Oracle Corporation"/>
    <property name="java.vendor.url" value="https://java.oracle.com/"/>
    <property name="guice.disable.misplaced.annotation.check" value="true"/>
    <property name="path.separator" value=";"/>
    <property name="java.vm.name" value="Java HotSpot(TM) 64-Bit Server VM"/>
    <property name="sun.os.patch.level" value=""/>
    <property name="user.script" value=""/>
    <property name="user.country" value="US"/>
    <property name="sun.java.launcher" value="SUN_STANDARD"/>
    <property name="java.vm.specification.name" value="Java Virtual Machine Specification"/>
    <property name="user.dir" value="C:\Users\Tuvia Goldstein\Documents\edu\yu\cs\GitHub\T1\ClientDataRoutingService"/>
    <property name="java.vm.compressedOopsMode" value="Zero based"/>
    <property name="java.runtime.version" value="17.0.4.1+1-LTS-2"/>
    <property name="os.arch" value="amd64"/>
    <property name="java.io.tmpdir" value="C:\Users\Tuvia Goldstein\AppData\Local\Temp\"/>
    <property name="line.separator" value="
"/>
    <property name="java.vm.specification.vendor" value="Oracle Corporation"/>
    <property name="user.variant" value=""/>
    <property name="os.name" value="Windows 11"/>
    <property name="classworlds.conf" value="C:\Program Files\apache-maven-3.6.3\bin\..\bin\m2.conf"/>
    <property name="sun.jnu.encoding" value="Cp1252"/>
    <property name="java.library.path" value="C:\Program Files\Java\jdk-17.0.4.1\bin;C:\WINDOWS\Sun\Java\bin;C:\WINDOWS\system32;C:\WINDOWS;C:\Program Files\ImageMagick-7.1.1-Q16-HDRI;C:\Program Files\Common Files\Oracle\Java\javapath;C:\Program Files\Java\ jdk-17.0.4.1\bin;C:\Windows\System32;C:\Windows;C:\Windows\System32\wbem;C:\Windows\System32\WindowsPowerShell\v1.0\;C:\Windows\System32\OpenSSH\;C:\Program Files\Git\cmd;C:\Program Files\PuTTY\;C:\Program Files\Amazon\AWSCLIV2\;C:\Gradle\gradle-7.1\bin;C:\Program Files\dotnet\;C:\Program Files (x86)\GnuPG\bin;%JAVA_HOME%\bin;C:\Program Files (x86)\nodejs\;C:\Program Files\Docker\Docker\resources\bin;C:\Program Files\apache-maven-3.6.3\bin;C:\Users\Tuvia Goldstein\AppData\Local\Programs\Python\Python39\Scripts\;C:\Users\Tuvia Goldstein\AppData\Local\Programs\Python\Python39\;C:\Users\Tuvia Goldstein\AppData\Local\Microsoft\WindowsApps;C:\Program Files\JetBrains\CLion 2021.3.3\bin;;C:\Users\Tuvia Goldstein\AppData\Local\Programs\Microsoft VS Code\bin;C:\Program Files\PostgreSQL\15\bin;C:\Program Files\SQLite;C:\Program Files\MongoDB\Server\6.0\mongosh-1.7.1-win32-x64\bin;C:\Program Files\MongoDB\Server\6.0\bin;C:\Program Files\MongoDB\Tools\100\bin;C:\Program Files\JetBrains\IntelliJ IDEA 2022.3.3\bin;;C:\Users\Tuvia Goldstein\AppData\Roaming\npm;."/>
    <property name="maven.conf" value="C:\Program Files\apache-maven-3.6.3\bin\../conf"/>
    <property name="jdk.debug" value="release"/>
    <property name="java.class.version" value="61.0"/>
    <property name="java.specification.name" value="Java Platform API Specification"/>
    <property name="sun.management.compiler" value="HotSpot 64-Bit Tiered Compilers"/>
    <property name="os.version" value="10.0"/>
    <property name="library.jansi.path" value="C:\Program Files\apache-maven-3.6.3\bin\..\lib\jansi-native"/>
    <property name="user.home" value="C:\Users\Tuvia Goldstein"/>
    <property name="user.timezone" value="America/New_York"/>
    <property name="file.encoding" value="Cp1252"/>
    <property name="java.specification.version" value="17"/>
    <property name="user.name" value="Tuvia Goldstein"/>
    <property name="java.class.path" value="C:\Program Files\apache-maven-3.6.3\bin\..\boot\plexus-classworlds-2.6.0.jar"/>
    <property name="java.vm.specification.version" value="17"/>
    <property name="sun.arch.data.model" value="64"/>
    <property name="sun.java.command" value="org.codehaus.plexus.classworlds.launcher.Launcher clean package"/>
    <property name="java.home" value="C:\Program Files\Java\jdk-17.0.4.1"/>
    <property name="user.language" value="en"/>
    <property name="java.specification.vendor" value="Oracle Corporation"/>
    <property name="java.vm.info" value="mixed mode, sharing"/>
    <property name="java.version" value="17.0.4.1"/>
    <property name="native.encoding" value="Cp1252"/>
    <property name="java.vendor" value="Oracle Corporation"/>
    <property name="sun.stderr.encoding" value="cp437"/>
    <property name="maven.home" value="C:\Program Files\apache-maven-3.6.3\bin\.."/>
    <property name="file.separator" value="\"/>
    <property name="java.version.date" value="2022-08-18"/>
    <property name="java.vendor.url.bug" value="https://bugreport.java.com/bugreport/"/>
    <property name="sun.io.unicode.encoding" value="UnicodeLittle"/>
    <property name="sun.cpu.endian" value="little"/>
    <property name="sun.stdout.encoding" value="cp437"/>
    <property name="sun.cpu.isalist" value="amd64"/>
  </properties>
  <testcase classname="edu.yu.cs.capstone.ClientDataRoutingService.BasicTest" name="threadPoolTest" time="0.008"/>
  <testcase classname="edu.yu.cs.capstone.ClientDataRoutingService.BasicTest" name="gsonTest" time="0.108"/>
</testsuite>